<?xml version="1.0" encoding="UTF-8"?>
<testng-results ignored="0" total="1" passed="1" failed="0" skipped="0">
  <reporter-output>
  </reporter-output>
  <suite started-at="2025-04-03T12:08:59 IST" name="Default suite" finished-at="2025-04-03T12:09:17 IST" duration-ms="18264">
    <groups>
      <group name="cucumber">
        <method signature="AbstractTestNGCucumberTests.runScenario(io.cucumber.testng.PickleWrapper,io.cucumber.testng.FeatureWrapper)[pri:0, instance:Runner.datatableRunner@4c309d4d]" name="runScenario" class="io.cucumber.testng.AbstractTestNGCucumberTests"/>
      </group> <!-- cucumber -->
    </groups>
    <test started-at="2025-04-03T12:08:59 IST" name="Default test" finished-at="2025-04-03T12:09:17 IST" duration-ms="18264">
      <class name="Runner.datatableRunner">
        <test-method is-config="true" signature="setUpClass(org.testng.ITestContext)[pri:0, instance:Runner.datatableRunner@4c309d4d]" started-at="2025-04-03T12:08:59 IST" name="setUpClass" finished-at="2025-04-03T12:09:00 IST" duration-ms="351" status="PASS">
          <params>
            <param index="0">
              <value>
                <![CDATA[org.testng.TestRunner@3cd59ef5]]>
              </value>
            </param>
          </params>
          <reporter-output>
          </reporter-output>
        </test-method> <!-- setUpClass -->
        <test-method signature="runScenario(io.cucumber.testng.PickleWrapper,io.cucumber.testng.FeatureWrapper)[pri:0, instance:Runner.datatableRunner@4c309d4d]" started-at="2025-04-03T12:09:00 IST" name="runScenario" description="Runs Cucumber Scenarios" data-provider="scenarios" finished-at="2025-04-03T12:09:16 IST" duration-ms="16879" status="PASS">
          <params>
            <param index="0">
              <value>
                <![CDATA["Orange HRM"]]>
              </value>
            </param>
            <param index="1">
              <value>
                <![CDATA["Data Table"]]>
              </value>
            </param>
          </params>
          <reporter-output>
          </reporter-output>
        </test-method> <!-- runScenario -->
        <test-method is-config="true" signature="tearDownClass()[pri:0, instance:Runner.datatableRunner@4c309d4d]" started-at="2025-04-03T12:09:16 IST" name="tearDownClass" finished-at="2025-04-03T12:09:17 IST" duration-ms="952" status="PASS">
          <reporter-output>
          </reporter-output>
        </test-method> <!-- tearDownClass -->
      </class> <!-- Runner.datatableRunner -->
    </test> <!-- Default test -->
  </suite> <!-- Default suite -->
</testng-results>
